<?xml version="1.0" encoding="UTF-8"?>
<!-- Generated by org.testng.reporters.JUnitReportReporter -->
<testsuite hostname="Thameeras-Mac-mini.local" failures="0" tests="1" name="com.devstack.automation.tests.login.LoginTest" time="6.043" errors="0" timestamp="2025-03-13T14:28:48 IST" skipped="0">
  <testcase classname="com.devstack.automation.tests.login.LoginTest" name="loginTest" time="6.043"/>
</testsuite> <!-- com.devstack.automation.tests.login.LoginTest -->
