<?xml version="1.0" encoding="UTF-8"?>
<!-- Generated by org.testng.reporters.JUnitReportReporter -->
<testsuite hostname="Thameeras-Mac-mini.local" failures="0" tests="1" name="com.devstack.automation.tests.login.LoginTest" time="8.031" errors="0" timestamp="2025-03-14T20:29:45 IST" skipped="0">
  <testcase classname="com.devstack.automation.tests.login.LoginTest" name="loginTest" time="8.031"/>
</testsuite> <!-- com.devstack.automation.tests.login.LoginTest -->
